[2026-05-12T07:50:12.306Z] GET / - Status: 500
[2026-05-12T07:58:56.785Z] GET / - Status: 500
[2026-05-12T07:59:00.874Z] GET / - Status: 500
[2026-05-12T07:59:14.607Z] GET / - Status: 500
[2026-05-12T08:04:59.475Z] GET / - Status: 200
[2026-05-12T08:05:05.529Z] GET / - Status: 304
[2026-05-12T08:05:07.281Z] GET / - Status: 304
[2026-05-12T08:05:55.332Z] GET /.well-known/appspecific/com.chrome.devtools.json - Status: 404
[2026-05-12T08:11:31.554Z] GET /.well-known/appspecific/com.chrome.devtools.json - Status: 404
[2026-05-12T08:12:25.187Z] GET / - Status: 200
[2026-05-12T08:12:25.263Z] GET /.well-known/appspecific/com.chrome.devtools.json - Status: 404
[2026-05-12T08:14:58.714Z] GET / - Status: 200
[2026-05-12T08:14:58.803Z] GET /.well-known/appspecific/com.chrome.devtools.json - Status: 404
[2026-05-12T08:15:17.096Z] GET / - Status: 200
[2026-05-12T08:15:17.199Z] GET /.well-known/appspecific/com.chrome.devtools.json - Status: 404
[2026-05-12T08:16:48.700Z] GET / - Status: 200
[2026-05-12T08:16:48.804Z] GET /.well-known/appspecific/com.chrome.devtools.json - Status: 404
[2026-05-12T08:16:48.818Z] GET /css/style.css - Status: 404
[2026-05-12T13:51:12.101Z] GET / - Status: 200
[2026-05-12T13:51:12.211Z] GET /css/style.css - Status: 200
[2026-05-12T13:54:44.963Z] GET /css/style.css - Status: 304
[2026-05-12T13:54:44.974Z] GET /.well-known/appspecific/com.chrome.devtools.json - Status: 404
[2026-05-12T13:56:44.581Z] GET / - Status: 200
[2026-05-12T13:56:44.681Z] GET /.well-known/appspecific/com.chrome.devtools.json - Status: 404
[2026-05-12T13:56:44.697Z] GET /css/style.css - Status: 200
[2026-05-12T13:58:43.373Z] GET / - Status: 304
[2026-05-12T13:58:43.463Z] GET /css/style.css - Status: 200
[2026-05-12T13:59:22.490Z] GET / - Status: 304
[2026-05-12T13:59:22.587Z] GET /css/style.css - Status: 200
[2026-05-12T14:12:42.696Z] GET / - Status: 304
[2026-05-12T14:12:42.794Z] GET /css/style.css - Status: 200
[2026-05-12T14:12:46.917Z] GET / - Status: 304
[2026-05-12T14:12:46.997Z] GET /css/style.css - Status: 304
[2026-05-12T14:12:50.799Z] GET /trails/westweg - Status: 200
[2026-05-12T14:12:50.900Z] GET /css/style.css - Status: 304
[2026-05-12T14:13:02.813Z] GET / - Status: 304
[2026-05-12T14:13:02.940Z] GET /css/style.css - Status: 304
[2026-05-12T14:13:04.290Z] GET /trails/eiger-trail - Status: 200
[2026-05-12T14:13:04.391Z] GET /css/style.css - Status: 304
[2026-05-12T14:13:05.787Z] GET / - Status: 304
[2026-05-12T14:13:05.860Z] GET /css/style.css - Status: 304
[2026-05-12T14:13:07.332Z] GET /trails/brockenaufstieg - Status: 200
[2026-05-12T14:13:07.446Z] GET /css/style.css - Status: 304
[2026-05-12T14:13:09.485Z] GET / - Status: 304
[2026-05-12T14:13:09.566Z] GET /css/style.css - Status: 304
[2026-05-12T14:13:10.832Z] GET /trails/tre-cime-runde - Status: 200
[2026-05-12T14:13:10.935Z] GET /css/style.css - Status: 304
[2026-05-12T14:13:13.682Z] GET / - Status: 304
[2026-05-12T14:13:13.809Z] GET /css/style.css - Status: 304
[2026-05-12T14:13:49.763Z] GET / - Status: 304
[2026-05-12T14:13:49.856Z] GET /css/style.css - Status: 304
[2026-05-12T14:13:52.664Z] GET /regions - Status: 404
[2026-05-12T14:23:30.232Z] GET /regions - Status: 200
[2026-05-12T14:23:30.316Z] GET /css/style.css - Status: 304
[2026-05-12T14:23:35.897Z] GET /regions/harz - Status: 200
[2026-05-12T14:23:36.018Z] GET /css/style.css - Status: 304
[2026-05-12T14:23:42.244Z] GET /trails/brockenaufstieg - Status: 304
[2026-05-12T14:23:42.346Z] GET /css/style.css - Status: 304
[2026-05-12T14:23:44.926Z] GET / - Status: 304
[2026-05-12T14:23:45.032Z] GET /css/style.css - Status: 304
[2026-05-12T14:23:49.768Z] GET / - Status: 304
[2026-05-12T14:23:49.879Z] GET /css/style.css - Status: 304
[2026-05-12T14:23:51.735Z] GET /regions - Status: 304
[2026-05-12T14:23:51.840Z] GET /css/style.css - Status: 304
[2026-05-12T14:31:18.094Z] GET / - Status: 304
[2026-05-12T14:31:18.220Z] GET /css/style.css - Status: 304
[2026-05-12T14:34:09.344Z] GET / - Status: 200
[2026-05-12T14:34:09.422Z] GET /css/style.css - Status: 200
[2026-05-12T14:34:09.466Z] GET /favicon.ico - Status: 404
[2026-05-12T14:34:11.862Z] GET / - Status: 200
[2026-05-12T14:34:11.967Z] GET /css/style.css - Status: 200
[2026-05-12T14:34:12.011Z] GET /favicon.ico - Status: 404
[2026-05-12T14:34:14.881Z] GET /regions - Status: 200
[2026-05-12T14:34:14.974Z] GET /css/style.css - Status: 304
[2026-05-12T14:34:17.848Z] GET / - Status: 304
[2026-05-12T14:34:17.968Z] GET /css/style.css - Status: 304
[2026-05-12T14:34:23.509Z] GET /trails/brockenaufstieg - Status: 304
[2026-05-12T14:34:23.647Z] GET /css/style.css - Status: 304
[2026-05-12T14:34:29.877Z] GET / - Status: 304
[2026-05-12T14:34:29.981Z] GET /css/style.css - Status: 304
[2026-05-12T14:45:07.568Z] GET / - Status: 200
[2026-05-12T14:45:07.652Z] GET /css/style.css - Status: 304
[2026-05-12T14:45:12.128Z] GET / - Status: 304
[2026-05-12T14:45:12.238Z] GET /css/style.css - Status: 304
[2026-05-12T14:45:15.154Z] GET / - Status: 304
[2026-05-12T14:45:15.241Z] GET /css/style.css - Status: 304
[2026-05-12T14:45:20.607Z] GET / - Status: 304
[2026-05-12T14:45:20.687Z] GET /css/style.css - Status: 304
[2026-05-12T14:45:22.814Z] GET /regions - Status: 200
[2026-05-12T14:45:22.912Z] GET /css/style.css - Status: 304
[2026-05-12T14:45:52.747Z] GET / - Status: 304
[2026-05-12T14:45:52.850Z] GET /css/style.css - Status: 304
[2026-05-12T14:50:16.034Z] GET / - Status: 200
[2026-05-12T14:50:16.160Z] GET /css/style.css - Status: 200
[2026-05-12T14:50:18.688Z] GET /regions - Status: 200
[2026-05-12T14:50:18.781Z] GET /css/style.css - Status: 304
[2026-05-12T14:50:20.808Z] GET /regions - Status: 304
[2026-05-12T14:50:20.914Z] GET /css/style.css - Status: 304
[2026-05-12T14:50:30.231Z] GET /regions - Status: 304
[2026-05-12T14:50:30.308Z] GET /css/style.css - Status: 304
[2026-05-12T14:50:33.105Z] GET / - Status: 304
[2026-05-12T14:50:33.216Z] GET /css/style.css - Status: 304
[2026-05-12T14:50:35.627Z] GET /regions - Status: 304
[2026-05-12T14:50:35.722Z] GET /css/style.css - Status: 304
[2026-05-12T14:53:02.242Z] GET /regions - Status: 200
[2026-05-12T14:53:02.341Z] GET /css/style.css - Status: 304
[2026-05-12T14:53:04.488Z] GET / - Status: 304
[2026-05-12T14:53:04.571Z] GET /css/style.css - Status: 304
[2026-05-12T14:53:06.153Z] GET /regions - Status: 304
[2026-05-12T14:53:06.267Z] GET /css/style.css - Status: 304
[2026-05-12T14:53:07.629Z] GET / - Status: 304
[2026-05-12T14:53:07.728Z] GET /css/style.css - Status: 304
[2026-05-12T14:53:08.695Z] GET /regions - Status: 304
[2026-05-12T14:53:08.800Z] GET /css/style.css - Status: 304
[2026-05-12T14:53:13.781Z] GET /trails/ - Status: 404
[2026-05-12T14:53:20.158Z] GET /trails/ - Status: 404
[2026-05-12T14:54:11.937Z] GET /trails/ - Status: 404
[2026-05-12T15:00:16.964Z] GET /regions - Status: 304
[2026-05-12T15:00:17.071Z] GET /css/style.css - Status: 304
[2026-05-12T15:00:23.713Z] GET / - Status: 304
[2026-05-12T15:00:23.836Z] GET /css/style.css - Status: 304
[2026-05-12T15:00:27.464Z] GET /trails/westweg - Status: 200
[2026-05-12T15:00:27.577Z] GET /css/style.css - Status: 304
[2026-05-12T15:00:31.501Z] GET /regions - Status: 304
[2026-05-12T15:00:31.633Z] GET /css/style.css - Status: 304
[2026-05-12T15:04:19.097Z] GET /regions - Status: 304
[2026-05-12T15:04:19.196Z] GET /css/style.css - Status: 304
[2026-05-12T15:04:25.414Z] GET / - Status: 304
[2026-05-12T15:04:25.530Z] GET /css/style.css - Status: 304
[2026-05-12T15:04:35.234Z] GET / - Status: 304
[2026-05-12T15:04:35.332Z] GET /css/style.css - Status: 304
[2026-05-12T15:04:42.747Z] GET /trails/westweg - Status: 304
[2026-05-12T15:04:42.859Z] GET /css/style.css - Status: 304
[2026-05-12T15:04:45.216Z] GET /regions - Status: 304
[2026-05-12T15:04:45.325Z] GET /css/style.css - Status: 304
[2026-05-13T07:43:35.054Z] GET /regions - Status: 304
[2026-05-13T07:43:35.174Z] GET /css/style.css - Status: 304
[2026-05-13T07:43:37.852Z] GET /regions - Status: 304
[2026-05-13T07:43:37.999Z] GET /css/style.css - Status: 304
[2026-05-13T07:43:48.405Z] GET /regions - Status: 304
[2026-05-13T07:43:48.515Z] GET /css/style.css - Status: 304
[2026-05-13T07:43:50.634Z] GET /regions - Status: 304
[2026-05-13T07:43:50.779Z] GET /css/style.css - Status: 304
[2026-05-13T07:44:50.050Z] GET /regions - Status: 500
[2026-05-13T07:45:05.158Z] GET /regions - Status: 500
[2026-05-13T07:45:08.165Z] GET /regions - Status: 500
[2026-05-13T07:46:17.197Z] GET /regions - Status: 200
[2026-05-13T07:46:17.359Z] GET /.well-known/appspecific/com.chrome.devtools.json - Status: 404
[2026-05-13T07:46:17.445Z] GET /css/style.css - Status: 200
[2026-05-13T07:47:15.756Z] GET /regions - Status: 200
[2026-05-13T07:47:15.952Z] GET /.well-known/appspecific/com.chrome.devtools.json - Status: 404
[2026-05-13T07:47:15.958Z] GET /css/style.css - Status: 200
[2026-05-13T07:51:05.167Z] GET / - Status: 200
[2026-05-13T07:51:05.336Z] GET /.well-known/appspecific/com.chrome.devtools.json - Status: 404
[2026-05-13T07:51:05.361Z] GET /css/style.css - Status: 200
[2026-05-13T07:51:08.557Z] GET /regions - Status: 200
[2026-05-13T07:51:08.739Z] GET /.well-known/appspecific/com.chrome.devtools.json - Status: 404
[2026-05-13T07:51:08.758Z] GET /css/style.css - Status: 200
[2026-05-13T07:56:19.663Z] GET /regions - Status: 200
[2026-05-13T07:56:19.846Z] GET /.well-known/appspecific/com.chrome.devtools.json - Status: 404
[2026-05-13T07:56:19.856Z] GET /css/style.css - Status: 200
[2026-05-13T07:56:39.954Z] GET /regions/berner-oberland - Status: 200
[2026-05-13T07:56:40.069Z] GET /.well-known/appspecific/com.chrome.devtools.json - Status: 404
[2026-05-13T07:56:40.077Z] GET /css/style.css - Status: 200
[2026-05-13T07:56:44.791Z] GET /regions - Status: 200
[2026-05-13T07:56:44.981Z] GET /.well-known/appspecific/com.chrome.devtools.json - Status: 404
[2026-05-13T07:56:44.993Z] GET /css/style.css - Status: 200
[2026-05-13T07:56:49.563Z] GET / - Status: 200
[2026-05-13T07:56:49.762Z] GET /.well-known/appspecific/com.chrome.devtools.json - Status: 404
[2026-05-13T07:56:49.780Z] GET /css/style.css - Status: 200
[2026-05-13T07:56:53.303Z] GET /trails/westweg - Status: 200
[2026-05-13T07:56:53.522Z] GET /.well-known/appspecific/com.chrome.devtools.json - Status: 404
[2026-05-13T07:56:53.532Z] GET /css/style.css - Status: 200
[2026-05-13T07:56:56.247Z] GET / - Status: 200
[2026-05-13T07:56:56.443Z] GET /.well-known/appspecific/com.chrome.devtools.json - Status: 404
[2026-05-13T07:56:56.478Z] GET /css/style.css - Status: 200
[2026-05-13T08:01:08.452Z] GET / - Status: 200
[2026-05-13T08:01:08.576Z] GET /.well-known/appspecific/com.chrome.devtools.json - Status: 404
[2026-05-13T08:01:08.583Z] GET /css/style.css - Status: 200
[2026-05-13T08:01:19.274Z] GET /regions - Status: 200
[2026-05-13T08:01:19.408Z] GET /.well-known/appspecific/com.chrome.devtools.json - Status: 404
[2026-05-13T08:01:19.420Z] GET /css/style.css - Status: 200
[2026-05-13T08:05:11.744Z] GET /regions/dolomiten - Status: 200
[2026-05-13T08:05:11.984Z] GET /.well-known/appspecific/com.chrome.devtools.json - Status: 404
[2026-05-13T08:05:12.038Z] GET /css/style.css - Status: 200
[2026-05-13T08:05:18.222Z] GET /trails/tre-cime-runde - Status: 200
[2026-05-13T08:05:18.335Z] GET /.well-known/appspecific/com.chrome.devtools.json - Status: 404
[2026-05-13T08:05:18.396Z] GET /css/style.css - Status: 200
[2026-05-13T08:05:22.259Z] GET / - Status: 200
[2026-05-13T08:05:22.445Z] GET /.well-known/appspecific/com.chrome.devtools.json - Status: 404
[2026-05-13T08:05:22.456Z] GET /css/style.css - Status: 200
[2026-05-13T08:10:17.326Z] GET /trails/westweg - Status: 200
[2026-05-13T08:10:17.473Z] GET /.well-known/appspecific/com.chrome.devtools.json - Status: 404
[2026-05-13T08:10:17.481Z] GET /css/style.css - Status: 200
[2026-05-13T08:10:28.232Z] GET /trails/werre - Status: 404
[2026-05-13T08:10:28.379Z] GET /.well-known/appspecific/com.chrome.devtools.json - Status: 404
[2026-05-13T08:10:28.396Z] GET /css/style.css - Status: 200
[2026-05-13T08:10:37.640Z] GET / - Status: 200
[2026-05-13T08:10:37.801Z] GET /.well-known/appspecific/com.chrome.devtools.json - Status: 404
[2026-05-13T08:10:37.808Z] GET /css/style.css - Status: 200
